#
# A fatal error has been detected by the Java Runtime Environment:
#
#  EXCEPTION_ACCESS_VIOLATION (0xc0000005) at pc=0x0321ae94, pid=26340, tid=0x00007a5c
#
# JRE version: Java(TM) SE Runtime Environment (8.0_151-b12) (build 1.8.0_151-b12)
# Java VM: Java HotSpot(TM) Client VM (25.151-b12 mixed mode windows-x86 )
# Problematic frame:
# j  java.lang.ref.Reference.<init>(Ljava/lang/Object;Ljava/lang/ref/ReferenceQueue;)V+0
#
# Failed to write core dump. Minidumps are not enabled by default on client versions of Windows
#
# If you would like to submit a bug report, please visit:
#   http://bugreport.java.com/bugreport/crash.jsp
#

---------------  T H R E A D  ---------------

Current thread (0x17ef3400):  JavaThread "org.springframework.amqp.rabbit.RabbitListenerEndpointContainer#2-15" [_thread_in_Java, id=31324, stack(0x011f0000,0x01240000)]

siginfo: ExceptionCode=0xc0000005, writing address 0x01238fdc

Registers:
EAX=0x00000008, EBX=0x1541ebf8, ECX=0x00000275, EDX=0x1547f848
ESP=0x0123cfdc, EBP=0x0123cffc, ESI=0x1541ebd0, EDI=0x0123d00c
EIP=0x0321ae94, EFLAGS=0x00010287

Top of Stack: (sp=0x0123cfdc)
0x0123cfdc:   0123cfdc 1541ebd0 0123d00c 1547f848
0x0123cfec:   00000000 1541ebf8 00000000 0123d004
0x0123cffc:   0123d030 03214854 0aa0d458 055534e8
0x0123d00c:   05553518 0123d010 1541f58b 0123d040
0x0123d01c:   1547f9d0 00000000 1541f598 0123d004
0x0123d02c:   0123d038 0123d064 03214854 0aa0d458
0x0123d03c:   055534e8 05553518 0123d044 15420635
0x0123d04c:   0123d070 1547f9e8 00000000 15420658 

Instructions: (pc=0x0321ae94)
0x0321ae74:   0d 7c ca 08 57 0f 83 5d 00 00 00 89 84 24 00 f0
0x0321ae84:   ff ff 89 84 24 00 e0 ff ff 89 84 24 00 d0 ff ff
0x0321ae94:   89 84 24 00 c0 ff ff 64 8b 04 25 00 00 00 00 8b
0x0321aea4:   40 f4 c6 80 95 01 00 00 00 80 3d 6a 7b 09 57 00 


Register to memory mapping:

EAX=0x00000008 is an unknown value
EBX={method} {0x1541ebfc} '<init>' '(Ljava/lang/Object;Ljava/lang/ref/ReferenceQueue;)V' in 'java/lang/ref/Reference'
ECX=0x00000275 is an unknown value
EDX=0x1547f848 is pointing into metadata
ESP=0x0123cfdc is pointing into the stack for thread: 0x17ef3400
EBP=0x0123cffc is pointing into the stack for thread: 0x17ef3400
ESI=0x1541ebd0 is pointing into metadata
EDI=0x0123d00c is pointing into the stack for thread: 0x17ef3400


Stack: [0x011f0000,0x01240000],  sp=0x0123cfdc,  free space=307k
Native frames: (J=compiled Java code, j=interpreted, Vv=VM code, C=native code)
j  java.lang.ref.Reference.<init>(Ljava/lang/Object;Ljava/lang/ref/ReferenceQueue;)V+0
j  java.lang.ref.FinalReference.<init>(Ljava/lang/Object;Ljava/lang/ref/ReferenceQueue;)V+3
j  java.lang.ref.Finalizer.<init>(Ljava/lang/Object;)V+5
j  java.lang.ref.Finalizer.register(Ljava/lang/Object;)V+5
v  ~StubRoutines::call_stub
V  [jvm.dll+0x15ad95]
V  [jvm.dll+0x22115e]
V  [jvm.dll+0x15ae2e]
V  [jvm.dll+0xbcc6a]
V  [jvm.dll+0x16c09d]
v  ~RuntimeStub::register_finalizer Runtime1 stub
J 560 C1 java.util.zip.ZipFile$ZipFileInputStream.<init>(Ljava/util/zip/ZipFile;J)V (41 bytes) @ 0x0336cf06 [0x0336ced0+0x36]
J 559 C1 java.util.zip.ZipFile.getInputStream(Ljava/util/zip/ZipEntry;)Ljava/io/InputStream; (304 bytes) @ 0x0336bbd8 [0x0336b9c0+0x218]
J 599 C1 java.util.jar.JarFile.getInputStream(Ljava/util/zip/ZipEntry;)Ljava/io/InputStream; (89 bytes) @ 0x0337add4 [0x0337ab40+0x294]
J 628 C1 sun.misc.URLClassPath$JarLoader$2.getInputStream()Ljava/io/InputStream; (15 bytes) @ 0x033879c0 [0x03387990+0x30]
J 621 C1 java.net.URLClassLoader.defineClass(Ljava/lang/String;Lsun/misc/Resource;)Ljava/lang/Class; (142 bytes) @ 0x033855b8 [0x03385420+0x198]
J 434 C1 java.net.URLClassLoader$1.run()Ljava/lang/Class; (63 bytes) @ 0x03348554 [0x033484d0+0x84]
J 433 C1 java.net.URLClassLoader$1.run()Ljava/lang/Object; (5 bytes) @ 0x033482a0 [0x03348280+0x20]
v  ~StubRoutines::call_stub
V  [jvm.dll+0x15ad95]
V  [jvm.dll+0x22115e]
V  [jvm.dll+0x15ae2e]
V  [jvm.dll+0x10b2cf]
C  [java.dll+0x1061]
J 431 C1 java.net.URLClassLoader.findClass(Ljava/lang/String;)Ljava/lang/Class; (47 bytes) @ 0x03347ca4 [0x03347c20+0x84]
J 335 C1 java.lang.ClassLoader.loadClass(Ljava/lang/String;Z)Ljava/lang/Class; (122 bytes) @ 0x0332614c [0x03325ef0+0x25c]
J 512 C1 sun.misc.Launcher$AppClassLoader.loadClass(Ljava/lang/String;Z)Ljava/lang/Class; (85 bytes) @ 0x0335ac18 [0x0335a9c0+0x258]
J 500 C1 java.lang.ClassLoader.loadClass(Ljava/lang/String;)Ljava/lang/Class; (7 bytes) @ 0x0335863c [0x03358610+0x2c]
v  ~StubRoutines::call_stub
V  [jvm.dll+0x15ad95]
V  [jvm.dll+0x22115e]
V  [jvm.dll+0x15ae2e]
V  [jvm.dll+0x15afb6]
V  [jvm.dll+0x15b09f]
V  [jvm.dll+0x50945]
V  [jvm.dll+0x50dea]
V  [jvm.dll+0x52030]
V  [jvm.dll+0x4eaca]
V  [jvm.dll+0x36a5f]
V  [jvm.dll+0x39d81]
V  [jvm.dll+0x504cf]
V  [jvm.dll+0x107f59]
V  [jvm.dll+0x10812b]
C  [java.dll+0x1c7d]
C  0x0123e444
C  0x0123e424


---------------  P R O C E S S  ---------------

Java Threads: ( => current thread )
  0x17ef1c00 JavaThread "org.springframework.amqp.rabbit.RabbitListenerEndpointContainer#1-16" [_thread_in_native, id=33160, stack(0x19000000,0x19050000)]
=>0x17ef3400 JavaThread "org.springframework.amqp.rabbit.RabbitListenerEndpointContainer#2-15" [_thread_in_Java, id=31324, stack(0x011f0000,0x01240000)]
  0x17ef2000 JavaThread "DestroyJavaVM" [_thread_blocked, id=12532, stack(0x02ee0000,0x02f30000)]
  0x17ef2c00 JavaThread "http-nio-8082-Acceptor" daemon [_thread_in_native, id=34368, stack(0x19d10000,0x19d60000)]
  0x17ef1400 JavaThread "http-nio-8082-ClientPoller" daemon [_thread_in_native, id=33552, stack(0x19c80000,0x19cd0000)]
  0x17ef4000 JavaThread "http-nio-8082-exec-10" daemon [_thread_blocked, id=33336, stack(0x19bf0000,0x19c40000)]
  0x17eed000 JavaThread "http-nio-8082-exec-9" daemon [_thread_blocked, id=27472, stack(0x19b60000,0x19bb0000)]
  0x17ef4800 JavaThread "http-nio-8082-exec-8" daemon [_thread_blocked, id=26596, stack(0x19ad0000,0x19b20000)]
  0x17ef0800 JavaThread "http-nio-8082-exec-7" daemon [_thread_blocked, id=26996, stack(0x19a40000,0x19a90000)]
  0x17ef2800 JavaThread "http-nio-8082-exec-6" daemon [_thread_blocked, id=34312, stack(0x199b0000,0x19a00000)]
  0x17eedc00 JavaThread "http-nio-8082-exec-5" daemon [_thread_blocked, id=22320, stack(0x19920000,0x19970000)]
  0x16fa9000 JavaThread "http-nio-8082-exec-4" daemon [_thread_blocked, id=19112, stack(0x19890000,0x198e0000)]
  0x16fa8800 JavaThread "http-nio-8082-exec-3" daemon [_thread_blocked, id=29200, stack(0x19800000,0x19850000)]
  0x16fabc00 JavaThread "http-nio-8082-exec-2" daemon [_thread_blocked, id=19252, stack(0x19770000,0x197c0000)]
  0x16fab000 JavaThread "http-nio-8082-exec-1" daemon [_thread_blocked, id=26960, stack(0x196e0000,0x19730000)]
  0x16faa800 JavaThread "http-nio-8082-BlockPoller" daemon [_thread_in_native, id=3384, stack(0x19630000,0x19680000)]
  0x17039800 JavaThread "container-0" [_thread_blocked, id=24596, stack(0x17ba0000,0x17bf0000)]
  0x17039400 JavaThread "Catalina-utility-2" [_thread_blocked, id=26780, stack(0x17b10000,0x17b60000)]
  0x17032000 JavaThread "Catalina-utility-1" [_thread_blocked, id=24232, stack(0x16780000,0x167d0000)]
  0x15ed9800 JavaThread "RMI TCP Accept-0" daemon [_thread_in_native, id=30792, stack(0x163b0000,0x16400000)]
  0x15d80400 JavaThread "Service Thread" daemon [_thread_blocked, id=33852, stack(0x161e0000,0x16230000)]
  0x15cfec00 JavaThread "C1 CompilerThread0" daemon [_thread_blocked, id=30296, stack(0x16150000,0x161a0000)]
  0x15cfd400 JavaThread "Monitor Ctrl-Break" daemon [_thread_in_native, id=34832, stack(0x160c0000,0x16110000)]
  0x1589a000 JavaThread "Attach Listener" daemon [_thread_blocked, id=28196, stack(0x15c30000,0x15c80000)]
  0x15899000 JavaThread "Signal Dispatcher" daemon [_thread_blocked, id=35620, stack(0x15ba0000,0x15bf0000)]
  0x1587b800 JavaThread "Finalizer" daemon [_thread_blocked, id=17868, stack(0x15aa0000,0x15af0000)]
  0x15865800 JavaThread "Reference Handler" daemon [_thread_blocked, id=34508, stack(0x05390000,0x053e0000)]

Other Threads:
  0x0320ec00 VMThread [stack: 0x05300000,0x05350000] [id=19468]
  0x15edb400 WatcherThread [stack: 0x16440000,0x16490000] [id=26172]

VM state:not at safepoint (normal execution)

VM Mutex/Monitor currently owned by a thread: None

Heap:
 def new generation   total 7104K, used 1360K [0x05400000, 0x05bb0000, 0x0a950000)
  eden space 6336K,  21% used [0x05400000, 0x05553be8, 0x05a30000)
  from space 768K,   0% used [0x05a30000, 0x05a304c0, 0x05af0000)
  to   space 768K,   0% used [0x05af0000, 0x05af0000, 0x05bb0000)
 tenured generation   total 15668K, used 13739K [0x0a950000, 0x0b89d000, 0x15400000)
   the space 15668K,  87% used [0x0a950000, 0x0b6bac50, 0x0b6bae00, 0x0b89d000)
 Metaspace       used 21835K, capacity 23033K, committed 23040K, reserved 23936K

Card table byte_map: [0x05210000,0x052a0000] byte_map_base: 0x051e6000

Polling page: 0x01300000

CodeCache: size=32768Kb used=3536Kb max_used=3953Kb free=29231Kb
 bounds [0x03210000, 0x035f0000, 0x05210000]
 total_blobs=2173 nmethods=1980 adapters=123
 compilation: enabled

Compilation events (10 events):
Event: 340137.363 Thread 0x15cfec00 2355             ch.qos.logback.core.pattern.CompositeConverter::convert (43 bytes)
Event: 340137.364 Thread 0x15cfec00 nmethod 2355 0x03330448 code [0x03330570, 0x033307a4]
Event: 375143.644 Thread 0x15cfec00 2356 % !         org.apache.catalina.core.StandardServer::await @ 25 (651 bytes)
Event: 375143.649 Thread 0x15cfec00 nmethod 2356% 0x03336648 code [0x03336a50, 0x03338230]
Event: 438169.500 Thread 0x15cfec00 2357             java.net.URI$Parser::scan (73 bytes)
Event: 438169.505 Thread 0x15cfec00 nmethod 2357 0x03343e88 code [0x03343fb0, 0x033441b4]
Event: 438171.575 Thread 0x15cfec00 2358             java.lang.String::indexOf (166 bytes)
Event: 438171.576 Thread 0x15cfec00 nmethod 2358 0x0333c2c8 code [0x0333c3e0, 0x0333c610]
Event: 438176.714 Thread 0x15cfec00 2359             java.lang.String::replace (127 bytes)
Event: 438176.716 Thread 0x15cfec00 nmethod 2359 0x03331b48 code [0x03331c60, 0x03331ee0]

GC Heap History (10 events):
Event: 434975.812 GC heap before
{Heap before GC invocations=437 (full 2):
 def new generation   total 7104K, used 6337K [0x05400000, 0x05bb0000, 0x0a950000)
  eden space 6336K, 100% used [0x05400000, 0x05a30000, 0x05a30000)
  from space 768K,   0% used [0x05af0000, 0x05af04c0, 0x05bb0000)
  to   space 768K,   0% used [0x05a30000, 0x05a30000, 0x05af0000)
 tenured generation   total 15668K, used 13739K [0x0a950000, 0x0b89d000, 0x15400000)
   the space 15668K,  87% used [0x0a950000, 0x0b6bac50, 0x0b6bae00, 0x0b89d000)
 Metaspace       used 21823K, capacity 23033K, committed 23040K, reserved 23936K
Event: 434975.814 GC heap after
Heap after GC invocations=438 (full 2):
 def new generation   total 7104K, used 5K [0x05400000, 0x05bb0000, 0x0a950000)
  eden space 6336K,   0% used [0x05400000, 0x05400000, 0x05a30000)
  from space 768K,   0% used [0x05a30000, 0x05a316e0, 0x05af0000)
  to   space 768K,   0% used [0x05af0000, 0x05af0000, 0x05bb0000)
 tenured generation   total 15668K, used 13739K [0x0a950000, 0x0b89d000, 0x15400000)
   the space 15668K,  87% used [0x0a950000, 0x0b6bac50, 0x0b6bae00, 0x0b89d000)
 Metaspace       used 21823K, capacity 23033K, committed 23040K, reserved 23936K
}
Event: 435744.637 GC heap before
{Heap before GC invocations=438 (full 2):
 def new generation   total 7104K, used 6341K [0x05400000, 0x05bb0000, 0x0a950000)
  eden space 6336K, 100% used [0x05400000, 0x05a30000, 0x05a30000)
  from space 768K,   0% used [0x05a30000, 0x05a316e0, 0x05af0000)
  to   space 768K,   0% used [0x05af0000, 0x05af0000, 0x05bb0000)
 tenured generation   total 15668K, used 13739K [0x0a950000, 0x0b89d000, 0x15400000)
   the space 15668K,  87% used [0x0a950000, 0x0b6bac50, 0x0b6bae00, 0x0b89d000)
 Metaspace       used 21823K, capacity 23033K, committed 23040K, reserved 23936K
Event: 435744.638 GC heap after
Heap after GC invocations=439 (full 2):
 def new generation   total 7104K, used 1K [0x05400000, 0x05bb0000, 0x0a950000)
  eden space 6336K,   0% used [0x05400000, 0x05400000, 0x05a30000)
  from space 768K,   0% used [0x05af0000, 0x05af04f8, 0x05bb0000)
  to   space 768K,   0% used [0x05a30000, 0x05a30000, 0x05af0000)
 tenured generation   total 15668K, used 13739K [0x0a950000, 0x0b89d000, 0x15400000)
   the space 15668K,  87% used [0x0a950000, 0x0b6bac50, 0x0b6bae00, 0x0b89d000)
 Metaspace       used 21823K, capacity 23033K, committed 23040K, reserved 23936K
}
Event: 436518.920 GC heap before
{Heap before GC invocations=439 (full 2):
 def new generation   total 7104K, used 6337K [0x05400000, 0x05bb0000, 0x0a950000)
  eden space 6336K, 100% used [0x05400000, 0x05a30000, 0x05a30000)
  from space 768K,   0% used [0x05af0000, 0x05af04f8, 0x05bb0000)
  to   space 768K,   0% used [0x05a30000, 0x05a30000, 0x05af0000)
 tenured generation   total 15668K, used 13739K [0x0a950000, 0x0b89d000, 0x15400000)
   the space 15668K,  87% used [0x0a950000, 0x0b6bac50, 0x0b6bae00, 0x0b89d000)
 Metaspace       used 21823K, capacity 23033K, committed 23040K, reserved 23936K
Event: 436518.922 GC heap after
Heap after GC invocations=440 (full 2):
 def new generation   total 7104K, used 6K [0x05400000, 0x05bb0000, 0x0a950000)
  eden space 6336K,   0% used [0x05400000, 0x05400000, 0x05a30000)
  from space 768K,   0% used [0x05a30000, 0x05a318e0, 0x05af0000)
  to   space 768K,   0% used [0x05af0000, 0x05af0000, 0x05bb0000)
 tenured generation   total 15668K, used 13739K [0x0a950000, 0x0b89d000, 0x15400000)
   the space 15668K,  87% used [0x0a950000, 0x0b6bac50, 0x0b6bae00, 0x0b89d000)
 Metaspace       used 21823K, capacity 23033K, committed 23040K, reserved 23936K
}
Event: 437286.930 GC heap before
{Heap before GC invocations=440 (full 2):
 def new generation   total 7104K, used 6342K [0x05400000, 0x05bb0000, 0x0a950000)
  eden space 6336K, 100% used [0x05400000, 0x05a30000, 0x05a30000)
  from space 768K,   0% used [0x05a30000, 0x05a318e0, 0x05af0000)
  to   space 768K,   0% used [0x05af0000, 0x05af0000, 0x05bb0000)
 tenured generation   total 15668K, used 13739K [0x0a950000, 0x0b89d000, 0x15400000)
   the space 15668K,  87% used [0x0a950000, 0x0b6bac50, 0x0b6bae00, 0x0b89d000)
 Metaspace       used 21823K, capacity 23033K, committed 23040K, reserved 23936K
Event: 437286.932 GC heap after
Heap after GC invocations=441 (full 2):
 def new generation   total 7104K, used 1K [0x05400000, 0x05bb0000, 0x0a950000)
  eden space 6336K,   0% used [0x05400000, 0x05400000, 0x05a30000)
  from space 768K,   0% used [0x05af0000, 0x05af04c0, 0x05bb0000)
  to   space 768K,   0% used [0x05a30000, 0x05a30000, 0x05af0000)
 tenured generation   total 15668K, used 13739K [0x0a950000, 0x0b89d000, 0x15400000)
   the space 15668K,  87% used [0x0a950000, 0x0b6bac50, 0x0b6bae00, 0x0b89d000)
 Metaspace       used 21823K, capacity 23033K, committed 23040K, reserved 23936K
}
Event: 438059.317 GC heap before
{Heap before GC invocations=441 (full 2):
 def new generation   total 7104K, used 6337K [0x05400000, 0x05bb0000, 0x0a950000)
  eden space 6336K, 100% used [0x05400000, 0x05a30000, 0x05a30000)
  from space 768K,   0% used [0x05af0000, 0x05af04c0, 0x05bb0000)
  to   space 768K,   0% used [0x05a30000, 0x05a30000, 0x05af0000)
 tenured generation   total 15668K, used 13739K [0x0a950000, 0x0b89d000, 0x15400000)
   the space 15668K,  87% used [0x0a950000, 0x0b6bac50, 0x0b6bae00, 0x0b89d000)
 Metaspace       used 21823K, capacity 23033K, committed 23040K, reserved 23936K
Event: 438059.321 GC heap after
Heap after GC invocations=442 (full 2):
 def new generation   total 7104K, used 1K [0x05400000, 0x05bb0000, 0x0a950000)
  eden space 6336K,   0% used [0x05400000, 0x05400000, 0x05a30000)
  from space 768K,   0% used [0x05a30000, 0x05a304c0, 0x05af0000)
  to   space 768K,   0% used [0x05af0000, 0x05af0000, 0x05bb0000)
 tenured generation   total 15668K, used 13739K [0x0a950000, 0x0b89d000, 0x15400000)
   the space 15668K,  87% used [0x0a950000, 0x0b6bac50, 0x0b6bae00, 0x0b89d000)
 Metaspace       used 21823K, capacity 23033K, committed 23040K, reserved 23936K
}

Deoptimization events (0 events):
No events

Internal exceptions (10 events):
Event: 438167.138 Thread 0x16fa9c00 Exception <a 'sun/net/ConnectionResetException': > (0x054c8328) thrown at [C:\workspace\8-2-build-windows-i586-cygwin\jdk8u151\9699\hotspot\src\share\vm\prims\jni.cpp, line 735]
Event: 438167.145 Thread 0x16fa9c00 Exception <a 'java/lang/NullPointerException'> (0x054e5cc8) thrown at [C:\workspace\8-2-build-windows-i586-cygwin\jdk8u151\9699\hotspot\src\share\vm\interpreter\linkResolver.cpp, line 1285]
Event: 438167.145 Thread 0x16fa9c00 Exception <a 'java/lang/NullPointerException'> (0x054e74f0) thrown at [C:\workspace\8-2-build-windows-i586-cygwin\jdk8u151\9699\hotspot\src\share\vm\interpreter\linkResolver.cpp, line 1285]
Event: 438167.145 Thread 0x16fa9c00 Exception <a 'java/lang/NullPointerException'> (0x054e92e0) thrown at [C:\workspace\8-2-build-windows-i586-cygwin\jdk8u151\9699\hotspot\src\share\vm\interpreter\linkResolver.cpp, line 1285]
Event: 438167.145 Thread 0x16fa9c00 Exception <a 'java/lang/NullPointerException'> (0x054eada0) thrown at [C:\workspace\8-2-build-windows-i586-cygwin\jdk8u151\9699\hotspot\src\share\vm\interpreter\linkResolver.cpp, line 1285]
Event: 438167.894 Thread 0x16fa9400 Exception <a 'java/lang/OutOfMemoryError': unable to create new native thread> (0x05510768) thrown at [C:\workspace\8-2-build-windows-i586-cygwin\jdk8u151\9699\hotspot\src\share\vm\prims\jvm.cpp, line 3033]
Event: 438168.013 Thread 0x16fa8400 Exception <a 'java/lang/OutOfMemoryError': unable to create new native thread> (0x05517cd8) thrown at [C:\workspace\8-2-build-windows-i586-cygwin\jdk8u151\9699\hotspot\src\share\vm\prims\jvm.cpp, line 3033]
Event: 438169.494 Thread 0x17ef0000 Exception <a 'java/net/ConnectException': Connection refused: connect> (0x0550ab40) thrown at [C:\workspace\8-2-build-windows-i586-cygwin\jdk8u151\9699\hotspot\src\share\vm\prims\jni.cpp, line 735]
Event: 438171.540 Thread 0x17ef0000 Exception <a 'java/net/ConnectException': Connection refused: connect> (0x055224c0) thrown at [C:\workspace\8-2-build-windows-i586-cygwin\jdk8u151\9699\hotspot\src\share\vm\prims\jni.cpp, line 735]
Event: 438171.572 Thread 0x17ef3400 Exception <a 'java/lang/StackOverflowError'> (0x05508000) thrown at [C:\workspace\8-2-build-windows-i586-cygwin\jdk8u151\9699\hotspot\src\share\vm\interpreter\interpreterRuntime.cpp, line 323]

Events (10 events):
Event: 438176.711 loading class org/springframework/amqp/AmqpIOException
Event: 438176.711 loading class org/springframework/amqp/AmqpIOException done
Event: 438176.711 Executing VM operation: RevokeBias
Event: 438176.713 Executing VM operation: RevokeBias done
Event: 438176.720 Thread 0x17ef1c00 Thread added: 0x17ef1c00
Event: 438176.720 Thread 0x17ef0000 Thread exited: 0x17ef0000
Event: 438176.721 loading class ch/qos/logback/classic/spi/ThrowableProxy
Event: 438176.721 loading class ch/qos/logback/classic/spi/ThrowableProxy done
Event: 438176.734 loading class ch/qos/logback/classic/spi/IThrowableProxy
Event: 438176.734 loading class ch/qos/logback/classic/spi/IThrowableProxy done


Dynamic libraries:
0x00680000 - 0x006b3000 	D:\软件\jdk1.8\bin\java.exe
0x76ee0000 - 0x7708f000 	C:\WINDOWS\SYSTEM32\ntdll.dll
0x751c0000 - 0x752b0000 	C:\WINDOWS\System32\KERNEL32.DLL
0x75960000 - 0x75bca000 	C:\WINDOWS\System32\KERNELBASE.dll
0x74b20000 - 0x74bc5000 	C:\WINDOWS\SYSTEM32\apphelp.dll
0x75660000 - 0x756dc000 	C:\WINDOWS\System32\ADVAPI32.dll
0x75890000 - 0x75954000 	C:\WINDOWS\System32\msvcrt.dll
0x75480000 - 0x75502000 	C:\WINDOWS\System32\sechost.dll
0x75100000 - 0x751b9000 	C:\WINDOWS\System32\RPCRT4.dll
0x756e0000 - 0x75887000 	C:\WINDOWS\System32\USER32.dll
0x75350000 - 0x7536a000 	C:\WINDOWS\System32\win32u.dll
0x76980000 - 0x769a2000 	C:\WINDOWS\System32\GDI32.dll
0x74d80000 - 0x74e5e000 	C:\WINDOWS\System32\gdi32full.dll
0x75080000 - 0x750f9000 	C:\WINDOWS\System32\msvcp_win.dll
0x76cc0000 - 0x76dd2000 	C:\WINDOWS\System32\ucrtbase.dll
0x72b80000 - 0x72da4000 	C:\WINDOWS\WinSxS\x86_microsoft.windows.common-controls_6595b64144ccf1df_6.0.22621.608_none_f0f1837ed587d923\COMCTL32.dll
0x76de0000 - 0x76e05000 	C:\WINDOWS\System32\IMM32.DLL
0x570e0000 - 0x5719f000 	D:\软件\jdk1.8\jre\bin\msvcr100.dll
0x56d10000 - 0x570de000 	D:\软件\jdk1.8\jre\bin\client\jvm.dll
0x764d0000 - 0x764d6000 	C:\WINDOWS\System32\PSAPI.DLL
0x71bd0000 - 0x71bd8000 	C:\WINDOWS\SYSTEM32\WSOCK32.dll
0x74c40000 - 0x74c48000 	C:\WINDOWS\SYSTEM32\VERSION.dll
0x72650000 - 0x72681000 	C:\WINDOWS\SYSTEM32\WINMM.dll
0x74be0000 - 0x74c3f000 	C:\WINDOWS\SYSTEM32\WS2_32.dll
0x5ca80000 - 0x5ca8c000 	D:\软件\jdk1.8\jre\bin\verify.dll
0x5ca50000 - 0x5ca71000 	D:\软件\jdk1.8\jre\bin\java.dll
0x56cb0000 - 0x56cd0000 	D:\软件\jdk1.8\jre\bin\instrument.dll
0x56cf0000 - 0x56d04000 	D:\软件\jdk1.8\jre\bin\zip.dll
0x75e50000 - 0x764b2000 	C:\WINDOWS\System32\SHELL32.dll
0x74430000 - 0x74afe000 	C:\WINDOWS\SYSTEM32\windows.storage.dll
0x75bd0000 - 0x75e4b000 	C:\WINDOWS\System32\combase.dll
0x74360000 - 0x74427000 	C:\WINDOWS\SYSTEM32\wintypes.dll
0x76e10000 - 0x76ed0000 	C:\WINDOWS\System32\SHCORE.dll
0x75030000 - 0x7507b000 	C:\WINDOWS\System32\shlwapi.dll
0x738b0000 - 0x738c9000 	C:\WINDOWS\SYSTEM32\profapi.dll
0x56cd0000 - 0x56ce6000 	D:\软件\jdk1.8\jre\bin\net.dll
0x734b0000 - 0x73501000 	C:\WINDOWS\system32\mswsock.dll
0x723f0000 - 0x724a9000 	C:\WINDOWS\SYSTEM32\DNSAPI.dll
0x74150000 - 0x74174000 	C:\WINDOWS\SYSTEM32\IPHLPAPI.DLL
0x764c0000 - 0x764c7000 	C:\WINDOWS\System32\NSI.dll
0x72370000 - 0x72391000 	C:\Program Files (x86)\Bonjour\mdnsNSP.dll
0x72360000 - 0x72368000 	C:\Windows\System32\rasadhlp.dll
0x720b0000 - 0x7210d000 	C:\WINDOWS\System32\fwpuclnt.dll
0x5c9a0000 - 0x5c9aa000 	D:\软件\jdk1.8\jre\bin\management.dll
0x5ca40000 - 0x5ca4f000 	D:\软件\jdk1.8\jre\bin\nio.dll
0x735a0000 - 0x735b5000 	C:\WINDOWS\SYSTEM32\CRYPTSP.dll
0x73570000 - 0x735a0000 	C:\WINDOWS\system32\rsaenh.dll
0x74c50000 - 0x74c6f000 	C:\WINDOWS\SYSTEM32\USERENV.dll
0x73550000 - 0x7356a000 	C:\WINDOWS\SYSTEM32\bcrypt.dll
0x76bc0000 - 0x76c22000 	C:\WINDOWS\System32\bcryptprimitives.dll
0x73540000 - 0x7354b000 	C:\WINDOWS\SYSTEM32\CRYPTBASE.dll
0x71c50000 - 0x71c66000 	C:\WINDOWS\SYSTEM32\dhcpcsvc6.DLL
0x73520000 - 0x73537000 	C:\WINDOWS\SYSTEM32\dhcpcsvc.DLL
0x724d0000 - 0x724e2000 	C:\WINDOWS\system32\napinsp.dll
0x724b0000 - 0x724c6000 	C:\WINDOWS\system32\pnrpnsp.dll
0x723e0000 - 0x723ee000 	C:\WINDOWS\System32\winrnr.dll
0x723c0000 - 0x723d1000 	C:\WINDOWS\system32\wshbth.dll
0x723a0000 - 0x723b8000 	C:\WINDOWS\system32\nlansp_c.dll
0x56c90000 - 0x56cb0000 	D:\软件\jdk1.8\jre\bin\sunec.dll
0x56c80000 - 0x56c89000 	D:\软件\jdk1.8\jre\bin\sunmscapi.dll
0x76a50000 - 0x76b53000 	C:\WINDOWS\System32\CRYPT32.dll

VM Arguments:
jvm_args: -XX:TieredStopAtLevel=1 -Xverify:none -Dspring.output.ansi.enabled=always -javaagent:D:\软件\IntelliJ IDEA 2020.3.2\lib\idea_rt.jar=58772:D:\软件\IntelliJ IDEA 2020.3.2\bin -Dcom.sun.management.jmxremote -Dspring.jmx.enabled=true -Dspring.liveBeansView.mbeanDomain -Dspring.application.admin.enabled=true -Dfile.encoding=UTF-8 
java_command: com.example.rabbitmqcustomer.RabbitmqCustomerApplication
java_class_path (initial): D:\软件\jdk1.8\jre\lib\charsets.jar;D:\软件\jdk1.8\jre\lib\deploy.jar;D:\软件\jdk1.8\jre\lib\ext\access-bridge-32.jar;D:\软件\jdk1.8\jre\lib\ext\access-bridge.jar;D:\软件\jdk1.8\jre\lib\ext\cldrdata.jar;D:\软件\jdk1.8\jre\lib\ext\dnsns.jar;D:\软件\jdk1.8\jre\lib\ext\jaccess.jar;D:\软件\jdk1.8\jre\lib\ext\jfxrt.jar;D:\软件\jdk1.8\jre\lib\ext\localedata.jar;D:\软件\jdk1.8\jre\lib\ext\nashorn.jar;D:\软件\jdk1.8\jre\lib\ext\sunec.jar;D:\软件\jdk1.8\jre\lib\ext\sunjce_provider.jar;D:\软件\jdk1.8\jre\lib\ext\sunmscapi.jar;D:\软件\jdk1.8\jre\lib\ext\sunpkcs11.jar;D:\软件\jdk1.8\jre\lib\ext\zipfs.jar;D:\软件\jdk1.8\jre\lib\javaws.jar;D:\软件\jdk1.8\jre\lib\jce.jar;D:\软件\jdk1.8\jre\lib\jfr.jar;D:\软件\jdk1.8\jre\lib\jfxswt.jar;D:\软件\jdk1.8\jre\lib\jsse.jar;D:\软件\jdk1.8\jre\lib\management-agent.jar;D:\软件\jdk1.8\jre\lib\plugin.jar;D:\软件\jdk1.8\jre\lib\resources.jar;D:\软件\jdk1.8\jre\lib\rt.jar;D:\xiangmu\rabbitmq-customer\target\classes;C:\Users\86189\.m2\repository\org\springframework\boot\spring-boot-starter-web\2.2.5.RELEASE\spring-boot-starter-web-2.2.5.RELEASE.jar;C:\Users\86189\.m2\repository\org\springframework\boot\spring-boot-starter\2.2.5.RELEASE\spring-boot-starter-2.2.5.RELEASE.jar;C:\Users\86189\.m2\repository\org\springframework\boot\spring-boot\2.2.5.RELEASE\spring-boot-2.2.5.RELEASE.jar;C:\Users\86189\.m2\repository\org\springframework\boot\spring-boot-autoconfigure\2.2.5.RELEASE\spring-boot-autoconfigure-2.2.5.RELEASE.jar;C:\Users\86189\.m2\repository\org\springframework\boot\spring-boot-starter-logging\2.2.5.RELEASE\spring-boot-starter-logging-2.2.5.RELEASE.jar;C:\Users\86189\.m2\repository\ch\qos\logback\logback-classic\1.2.3\logback-classic-1.2.3.jar;C:\Users\86189\.m2\repository\ch\qos\logback\logback-core\1.2.3\logback-core-1.2.3.jar;C:\Users\86189\.m2\repository\org\apache\logging\log4j\log4j-to-slf4j\2.12.1\log4j-to-slf4j-2.12.1.jar;C:\Users\86189\.m2\repository\org\apache\logging\log4j\log4j-api\2.12.1\log4j-api-
Launcher Type: SUN_STANDARD

Environment Variables:
JAVA_HOME=D:\软件\jdk1.8
PATH=C:\WINDOWS\system32;C:\WINDOWS;C:\WINDOWS\System32\Wbem;C:\WINDOWS\System32\WindowsPowerShell\v1.0\;C:\WINDOWS\System32\OpenSSH\;C:\Program Files\dotnet\;D:\软件\jdk1.8\jre\bin;D:\ruanjian\mysql-5.6.5\bin;D:\软件\jdk1.8\bin;D:\迅雷下载\Redis-x64-3.0.500-rc2;D:\ruanjian\erl9.2\bin;C:\Users\86189\AppData\Local\Microsoft\WindowsApps;
USERNAME=huangyan
OS=Windows_NT
PROCESSOR_IDENTIFIER=Intel64 Family 6 Model 140 Stepping 1, GenuineIntel



---------------  S Y S T E M  ---------------

OS: Windows 10.0 , 64 bit Build 22621 (10.0.22621.1344)

CPU:total 8 (initial active 8) (4 cores per cpu, 2 threads per core) family 6 model 140 stepping 1, cmov, cx8, fxsr, mmx, sse, sse2, sse3, ssse3, sse4.1, sse4.2, popcnt, avx, avx2, aes, clmul, erms, 3dnowpref, lzcnt, ht, tsc, tscinvbit, bmi1, bmi2, adx

Memory: 4k page, physical 16497448k(785784k free), swap 43613604k(0k free)

vm_info: Java HotSpot(TM) Client VM (25.151-b12) for windows-x86 JRE (1.8.0_151-b12), built on Sep  5 2017 19:31:49 by "java_re" with MS VC++ 10.0 (VS2010)

time: Mon Apr 03 15:45:40 2023
elapsed time: 438176 seconds (5d 1h 42m 56s)

